Using pre-set license
Built from '2020.3/release' branch; Version is '2020.3.44f1 (7f159b6136da) revision 8328603'; Using compiler version '192528614'; Build Type 'Release'
OS: 'Windows 10  (10.0.19045) 64bit CoreSingleLanguage' Language: 'en' Physical Memory: 16226 MB
BatchMode: 1, IsHumanControllingUs: 0, StartBugReporterOnCrash: 0, Is64bit: 1, IsPro: 0

COMMAND LINE ARGUMENTS:
C:\Program Files (x86)\unity\2020.3.44f1\Editor\Unity.exe
-adb2
-batchMode
-noUpm
-name
AssetImportWorker0
-projectPath
E:/file project/Unity/Doa
-logFile
Logs/AssetImportWorker0.log
-srvPort
55007
Successfully changed project path to: E:/file project/Unity/Doa
E:/file project/Unity/Doa
Using Asset Import Pipeline V2.
Player connection [3720] Host "[IP] 192.168.0.105 [Port] 805521184 [Flags] 2 [Guid] 3504043419 [EditorId] 3504043419 [Version] 1048832 [Id] WindowsEditor(7,LAPTOP-8HRLJC38) [Debug] 1 [PackageName] WindowsEditor [ProjectName] Editor" joined multi-casting on [225.0.0.222:54997]...

Player connection [3720] Host "[IP] 192.168.0.105 [Port] 805521184 [Flags] 2 [Guid] 3504043419 [EditorId] 3504043419 [Version] 1048832 [Id] WindowsEditor(7,LAPTOP-8HRLJC38) [Debug] 1 [PackageName] WindowsEditor [ProjectName] Editor" joined alternative multi-casting on [225.0.0.222:34997]...

Refreshing native plugins compatible for Editor in 101.11 ms, found 3 plugins.
Preloading 0 native plugins for Editor in 0.00 ms.
Initialize engine version: 2020.3.44f1 (7f159b6136da)
[Subsystems] Discovering subsystems at path C:/Program Files (x86)/unity/2020.3.44f1/Editor/Data/Resources/UnitySubsystems
[Subsystems] Discovering subsystems at path E:/file project/Unity/Doa/Assets
GfxDevice: creating device client; threaded=0
Direct3D:
    Version:  Direct3D 11.0 [level 11.1]
    Renderer: NVIDIA GeForce GTX 1650 (ID=0x1f91)
    Vendor:   
    VRAM:     3949 MB
    Driver:   31.0.15.2756
Initialize mono
Mono path[0] = 'C:/Program Files (x86)/unity/2020.3.44f1/Editor/Data/Managed'
Mono path[1] = 'C:/Program Files (x86)/unity/2020.3.44f1/Editor/Data/MonoBleedingEdge/lib/mono/unityjit'
Mono config path = 'C:/Program Files (x86)/unity/2020.3.44f1/Editor/Data/MonoBleedingEdge/etc'
Using monoOptions --debugger-agent=transport=dt_socket,embedding=1,server=y,suspend=n,address=127.0.0.1:56396
Begin MonoManager ReloadAssembly
Registering precompiled unity dll's ...
Register platform support module: C:/Program Files (x86)/unity/2020.3.44f1/Editor/Data/PlaybackEngines/WindowsStandaloneSupport/UnityEditor.WindowsStandalone.Extensions.dll
Registered in 0.002241 seconds.
Native extension for WindowsStandalone target not found
Refreshing native plugins compatible for Editor in 68.92 ms, found 3 plugins.
Preloading 0 native plugins for Editor in 0.00 ms.
Mono: successfully reloaded assembly
- Completed reload, in  0.812 seconds
Domain Reload Profiling:
	ReloadAssembly (812ms)
		BeginReloadAssembly (102ms)
			ExecutionOrderSort (0ms)
			DisableScriptedObjects (0ms)
			BackupInstance (0ms)
			ReleaseScriptingObjects (0ms)
			CreateAndSetChildDomain (1ms)
		EndReloadAssembly (618ms)
			LoadAssemblies (100ms)
			RebuildTransferFunctionScriptingTraits (0ms)
			SetupTypeCache (203ms)
			ReleaseScriptCaches (0ms)
			RebuildScriptCaches (46ms)
			SetupLoadedEditorAssemblies (227ms)
				LogAssemblyErrors (0ms)
				InitializePlatformSupportModulesInManaged (6ms)
				SetLoadedEditorAssemblies (0ms)
				RefreshPlugins (69ms)
				BeforeProcessingInitializeOnLoad (17ms)
				ProcessInitializeOnLoadAttributes (98ms)
				ProcessInitializeOnLoadMethodAttributes (37ms)
				AfterProcessingInitializeOnLoad (0ms)
				EditorAssembliesLoaded (0ms)
			ExecutionOrderSort2 (0ms)
			AwakeInstancesAfterBackupRestoration (0ms)
Platform modules already initialized, skipping
Registering precompiled user dll's ...
Registered in 0.009879 seconds.
Begin MonoManager ReloadAssembly
Native extension for WindowsStandalone target not found
Refreshing native plugins compatible for Editor in 58.14 ms, found 3 plugins.
Preloading 0 native plugins for Editor in 0.00 ms.
Mono: successfully reloaded assembly
- Completed reload, in  1.274 seconds
Domain Reload Profiling:
	ReloadAssembly (1275ms)
		BeginReloadAssembly (197ms)
			ExecutionOrderSort (0ms)
			DisableScriptedObjects (5ms)
			BackupInstance (0ms)
			ReleaseScriptingObjects (0ms)
			CreateAndSetChildDomain (28ms)
		EndReloadAssembly (999ms)
			LoadAssemblies (146ms)
			RebuildTransferFunctionScriptingTraits (0ms)
			SetupTypeCache (346ms)
			ReleaseScriptCaches (0ms)
			RebuildScriptCaches (47ms)
			SetupLoadedEditorAssemblies (333ms)
				LogAssemblyErrors (0ms)
				InitializePlatformSupportModulesInManaged (3ms)
				SetLoadedEditorAssemblies (0ms)
				RefreshPlugins (58ms)
				BeforeProcessingInitializeOnLoad (67ms)
				ProcessInitializeOnLoadAttributes (174ms)
				ProcessInitializeOnLoadMethodAttributes (22ms)
				AfterProcessingInitializeOnLoad (8ms)
				EditorAssembliesLoaded (0ms)
			ExecutionOrderSort2 (0ms)
			AwakeInstancesAfterBackupRestoration (2ms)
Platform modules already initialized, skipping
========================================================================
Worker process is ready to serve import requests
Launched and connected shader compiler UnityShaderCompiler.exe after 0.05 seconds
Refreshing native plugins compatible for Editor in 1.23 ms, found 3 plugins.
Preloading 0 native plugins for Editor in 0.00 ms.
Unloading 2542 Unused Serialized files (Serialized files now loaded: 0)
System memory in use before: 106.4 MB.
System memory in use after: 106.4 MB.

Unloading 135 unused Assets to reduce memory usage. Loaded Objects now: 2876.
Total: 3.314100 ms (FindLiveObjects: 0.220300 ms CreateObjectMapping: 0.104300 ms MarkObjects: 2.816300 ms  DeleteObjects: 0.170400 ms)

AssetImportParameters requested are different than current active one (requested -> active):
  custom:framework-win-MediaFoundation: 216162199b28c13a410421893ffa2e32 -> 
  custom:video-decoder-ogg-theora: a1e56fd34408186e4bbccfd4996cb3dc -> 
  custom:container-muxer-webm: aa71ff27fc2769a1b78a27578f13a17b -> 
  custom:container-demuxer-webm: 4f35f7cbe854078d1ac9338744f61a02 -> 
  custom:container-demuxer-ogg: 62fdf1f143b41e24485cea50d1cbac27 -> 
  custom:video-encoder-webm-vp8: eb34c28f22e8b96e1ab97ce403110664 -> 
  custom:video-decoder-webm-vp8: 9c59270c3fd7afecdb556c50c9e8de78 -> 
  custom:audio-decoder-ogg-vorbis: bf7c407c2cedff20999df2af8eb42d56 -> 
  custom:audio-encoder-webm-vorbis: bf7c407c2cedff20999df2af8eb42d56 -> 
========================================================================
Received Import Request.
  path: Assets/IronSource/Resources/IronSourceMediatedNetworkSettings.asset
  artifactKey: Guid(cf8eeedf241526043b61be0faec44ec3) Importer(815301076,1909f56bfc062723c751e8b465ee728b)
Start importing Assets/IronSource/Resources/IronSourceMediatedNetworkSettings.asset using Guid(cf8eeedf241526043b61be0faec44ec3) Importer(815301076,1909f56bfc062723c751e8b465ee728b)  -> (artifact id: 'e0b86aaf623fb59e25d289a940e073c2') in 0.033994 seconds 
========================================================================
Received Import Request.
  Time since last request: 0.000425 seconds.
  path: Assets/IronSource/Resources/IronSourceMediationSettings.asset
  artifactKey: Guid(99332183689b5d74f9b354539caafdd6) Importer(815301076,1909f56bfc062723c751e8b465ee728b)
Start importing Assets/IronSource/Resources/IronSourceMediationSettings.asset using Guid(99332183689b5d74f9b354539caafdd6) Importer(815301076,1909f56bfc062723c751e8b465ee728b)  -> (artifact id: '1edcaf6b032d46b8d63124f5d5d3a9b0') in 0.004562 seconds 
========================================================================
Received Import Request.
  Time since last request: 392.010895 seconds.
  path: Assets/GoogleMobileAds
  artifactKey: Guid(e6d6c8bcba39440abae1c5ccc063c635) Importer(815301076,1909f56bfc062723c751e8b465ee728b)
Start importing Assets/GoogleMobileAds using Guid(e6d6c8bcba39440abae1c5ccc063c635) Importer(815301076,1909f56bfc062723c751e8b465ee728b)  -> (artifact id: '540c657376394098beadd823b90d21b5') in 0.009845 seconds 
========================================================================
Received Import Request.
  Time since last request: 27.844896 seconds.
  path: Assets/Editor
  artifactKey: Guid(bd5b92b1b44764fd4b8b46178250cc3a) Importer(815301076,1909f56bfc062723c751e8b465ee728b)
Start importing Assets/Editor using Guid(bd5b92b1b44764fd4b8b46178250cc3a) Importer(815301076,1909f56bfc062723c751e8b465ee728b)  -> (artifact id: 'd5d96af5ddc0d094def6090cbac03bc2') in 0.007747 seconds 
========================================================================
Received Import Request.
  Time since last request: 3.336499 seconds.
  path: Assets/GoogleMobileAds/GoogleMobileAds.asmdef
  artifactKey: Guid(a037b9f808b8c43ae91c527caf71d031) Importer(815301076,1909f56bfc062723c751e8b465ee728b)
Start importing Assets/GoogleMobileAds/GoogleMobileAds.asmdef using Guid(a037b9f808b8c43ae91c527caf71d031) Importer(815301076,1909f56bfc062723c751e8b465ee728b)  -> (artifact id: 'd31460d3d139a23e076daf98ac1e2028') in 0.004417 seconds 
========================================================================
Received Import Request.
  Time since last request: 4.948711 seconds.
  path: Assets/GoogleMobileAds/Api
  artifactKey: Guid(6424fd4b648494541a9372eafd21197f) Importer(815301076,1909f56bfc062723c751e8b465ee728b)
Start importing Assets/GoogleMobileAds/Api using Guid(6424fd4b648494541a9372eafd21197f) Importer(815301076,1909f56bfc062723c751e8b465ee728b)  -> (artifact id: 'd838454baeb6da6d5b774fa41dee8909') in 0.007898 seconds 
========================================================================
Received Import Request.
  Time since last request: 0.555910 seconds.
  path: Assets/GoogleMobileAds/Common
  artifactKey: Guid(be2a17637371048e5a2dd415ba22514b) Importer(815301076,1909f56bfc062723c751e8b465ee728b)
Start importing Assets/GoogleMobileAds/Common using Guid(be2a17637371048e5a2dd415ba22514b) Importer(815301076,1909f56bfc062723c751e8b465ee728b)  -> (artifact id: '30dde09207cc94a52a3aedc9153fb4b3') in 0.008205 seconds 
========================================================================
Received Import Request.
  Time since last request: 0.558851 seconds.
  path: Assets/GoogleMobileAds/Platforms
  artifactKey: Guid(f26cbb3b0cc0446fe97c7b9328638d83) Importer(815301076,1909f56bfc062723c751e8b465ee728b)
Start importing Assets/GoogleMobileAds/Platforms using Guid(f26cbb3b0cc0446fe97c7b9328638d83) Importer(815301076,1909f56bfc062723c751e8b465ee728b)  -> (artifact id: '0b15c6bc6e01b66734488c3a16df9578') in 0.008254 seconds 
========================================================================
Received Import Request.
  Time since last request: 4.696031 seconds.
  path: Assets/Plugins
  artifactKey: Guid(cbde64d36fd994c458fffca9e931b232) Importer(815301076,1909f56bfc062723c751e8b465ee728b)
Start importing Assets/Plugins using Guid(cbde64d36fd994c458fffca9e931b232) Importer(815301076,1909f56bfc062723c751e8b465ee728b)  -> (artifact id: '7119247d0784ca24c6404cbb1a1553ae') in 0.007522 seconds 
========================================================================
Received Import Request.
  Time since last request: 1.021822 seconds.
  path: Assets/Plugins/Android
  artifactKey: Guid(2f5d736f7c4cb4c1e80d0816d0e81625) Importer(815301076,1909f56bfc062723c751e8b465ee728b)
Start importing Assets/Plugins/Android using Guid(2f5d736f7c4cb4c1e80d0816d0e81625) Importer(815301076,1909f56bfc062723c751e8b465ee728b)  -> (artifact id: '862fb21d4032afe228e6dfca16cd5368') in 0.009415 seconds 
========================================================================
Received Import Request.
  Time since last request: 0.934874 seconds.
  path: Assets/Plugins/Android/GoogleMobileAdsPlugin.androidlib
  artifactKey: Guid(279cf64911f7443388ceb3738cc6f83b) Importer(815301076,1909f56bfc062723c751e8b465ee728b)
Start importing Assets/Plugins/Android/GoogleMobileAdsPlugin.androidlib using Guid(279cf64911f7443388ceb3738cc6f83b) Importer(815301076,1909f56bfc062723c751e8b465ee728b)  -> (artifact id: '56c2f5a4b7bbd85d583c8b3d9efe64d4') in 0.005723 seconds 
========================================================================
Received Import Request.
  Time since last request: 1430.120733 seconds.
  path: Assets/MobileDependencyResolver
  artifactKey: Guid(333d24e71d12446ba5c77815e64b0ca8) Importer(815301076,1909f56bfc062723c751e8b465ee728b)
Start importing Assets/MobileDependencyResolver using Guid(333d24e71d12446ba5c77815e64b0ca8) Importer(815301076,1909f56bfc062723c751e8b465ee728b)  -> (artifact id: '1820931d27a878669b7371e5342e34ca') in 0.006098 seconds 
AssetImportWorkerClient::OnTransportError - code=2 error=End of file
